{"C:\\Users\\acer\\Desktop\\AstraDbWala\\backend\\middlewares\\emailAbuseProtection.js": {"path":"C:\\Users\\acer\\Desktop\\AstraDbWala\\backend\\middlewares\\emailAbuseProtection.js","statementMap":{"0":{"start":{"line":1,"column":14},"end":{"line":1,"column":48}},"1":{"start":{"line":9,"column":33},"end":{"line":41,"column":1}},"2":{"start":{"line":10,"column":18},"end":{"line":10,"column":33}},"3":{"start":{"line":12,"column":4},"end":{"line":18,"column":5}},"4":{"start":{"line":13,"column":8},"end":{"line":17,"column":11}},"5":{"start":{"line":20,"column":21},"end":{"line":20,"column":42}},"6":{"start":{"line":21,"column":26},"end":{"line":21,"column":51}},"7":{"start":{"line":23,"column":4},"end":{"line":36,"column":5}},"8":{"start":{"line":24,"column":25},"end":{"line":24,"column":61}},"9":{"start":{"line":25,"column":28},"end":{"line":25,"column":37}},"10":{"start":{"line":27,"column":8},"end":{"line":35,"column":9}},"11":{"start":{"line":28,"column":34},"end":{"line":28,"column":76}},"12":{"start":{"line":29,"column":12},"end":{"line":34,"column":15}},"13":{"start":{"line":39,"column":4},"end":{"line":39,"column":64}},"14":{"start":{"line":40,"column":4},"end":{"line":40,"column":11}},"15":{"start":{"line":44,"column":29},"end":{"line":69,"column":1}},"16":{"start":{"line":45,"column":18},"end":{"line":45,"column":33}},"17":{"start":{"line":47,"column":4},"end":{"line":49,"column":5}},"18":{"start":{"line":48,"column":8},"end":{"line":48,"column":22}},"19":{"start":{"line":51,"column":23},"end":{"line":51,"column":46}},"20":{"start":{"line":52,"column":21},"end":{"line":52,"column":48}},"21":{"start":{"line":53,"column":24},"end":{"line":53,"column":25}},"22":{"start":{"line":54,"column":24},"end":{"line":54,"column":31}},"23":{"start":{"line":56,"column":4},"end":{"line":63,"column":5}},"24":{"start":{"line":57,"column":8},"end":{"line":62,"column":11}},"25":{"start":{"line":66,"column":4},"end":{"line":66,"column":35}},"26":{"start":{"line":67,"column":4},"end":{"line":67,"column":60}},"27":{"start":{"line":68,"column":4},"end":{"line":68,"column":11}},"28":{"start":{"line":72,"column":35},"end":{"line":147,"column":1}},"29":{"start":{"line":73,"column":15},"end":{"line":73,"column":21}},"30":{"start":{"line":74,"column":18},"end":{"line":74,"column":33}},"31":{"start":{"line":75,"column":22},"end":{"line":75,"column":49}},"32":{"start":{"line":78,"column":23},"end":{"line":78,"column":38}},"33":{"start":{"line":79,"column":20},"end":{"line":79,"column":47}},"34":{"start":{"line":81,"column":22},"end":{"line":85,"column":5}},"35":{"start":{"line":88,"column":4},"end":{"line":90,"column":5}},"36":{"start":{"line":89,"column":8},"end":{"line":89,"column":65}},"37":{"start":{"line":93,"column":4},"end":{"line":93,"column":44}},"38":{"start":{"line":94,"column":4},"end":{"line":94,"column":44}},"39":{"start":{"line":95,"column":4},"end":{"line":95,"column":42}},"40":{"start":{"line":98,"column":4},"end":{"line":101,"column":5}},"41":{"start":{"line":99,"column":8},"end":{"line":99,"column":77}},"42":{"start":{"line":100,"column":8},"end":{"line":100,"column":67}},"43":{"start":{"line":104,"column":16},"end":{"line":104,"column":26}},"44":{"start":{"line":105,"column":27},"end":{"line":105,"column":87}},"45":{"start":{"line":105,"column":62},"end":{"line":105,"column":86}},"46":{"start":{"line":106,"column":25},"end":{"line":106,"column":72}},"47":{"start":{"line":109,"column":4},"end":{"line":116,"column":5}},"48":{"start":{"line":110,"column":8},"end":{"line":110,"column":79}},"49":{"start":{"line":111,"column":8},"end":{"line":115,"column":11}},"50":{"start":{"line":119,"column":4},"end":{"line":126,"column":5}},"51":{"start":{"line":120,"column":8},"end":{"line":120,"column":77}},"52":{"start":{"line":121,"column":8},"end":{"line":125,"column":11}},"53":{"start":{"line":129,"column":4},"end":{"line":136,"column":5}},"54":{"start":{"line":130,"column":8},"end":{"line":130,"column":80}},"55":{"start":{"line":131,"column":8},"end":{"line":135,"column":11}},"56":{"start":{"line":139,"column":27},"end":{"line":142,"column":5}},"57":{"start":{"line":144,"column":4},"end":{"line":144,"column":84}},"58":{"start":{"line":146,"column":4},"end":{"line":146,"column":11}},"59":{"start":{"line":150,"column":23},"end":{"line":166,"column":1}},"60":{"start":{"line":151,"column":15},"end":{"line":151,"column":21}},"61":{"start":{"line":152,"column":20},"end":{"line":152,"column":52}},"62":{"start":{"line":154,"column":4},"end":{"line":163,"column":5}},"63":{"start":{"line":155,"column":20},"end":{"line":155,"column":52}},"64":{"start":{"line":156,"column":8},"end":{"line":162,"column":11}},"65":{"start":{"line":165,"column":4},"end":{"line":165,"column":11}},"66":{"start":{"line":169,"column":30},"end":{"line":211,"column":1}},"67":{"start":{"line":170,"column":18},"end":{"line":170,"column":33}},"68":{"start":{"line":172,"column":4},"end":{"line":174,"column":5}},"69":{"start":{"line":173,"column":8},"end":{"line":173,"column":22}},"70":{"start":{"line":176,"column":19},"end":{"line":176,"column":53}},"71":{"start":{"line":178,"column":4},"end":{"line":184,"column":5}},"72":{"start":{"line":179,"column":8},"end":{"line":183,"column":11}},"73":{"start":{"line":187,"column":30},"end":{"line":191,"column":5}},"74":{"start":{"line":193,"column":4},"end":{"line":199,"column":5}},"75":{"start":{"line":194,"column":8},"end":{"line":198,"column":11}},"76":{"start":{"line":202,"column":4},"end":{"line":208,"column":5}},"77":{"start":{"line":203,"column":8},"end":{"line":207,"column":11}},"78":{"start":{"line":210,"column":4},"end":{"line":210,"column":11}},"79":{"start":{"line":214,"column":30},"end":{"line":222,"column":1}},"80":{"start":{"line":215,"column":23},"end":{"line":215,"column":46}},"81":{"start":{"line":216,"column":20},"end":{"line":216,"column":47}},"82":{"start":{"line":217,"column":21},"end":{"line":217,"column":56}},"83":{"start":{"line":219,"column":4},"end":{"line":219,"column":68}},"84":{"start":{"line":221,"column":4},"end":{"line":221,"column":20}},"85":{"start":{"line":225,"column":25},"end":{"line":228,"column":1}},"86":{"start":{"line":226,"column":23},"end":{"line":226,"column":46}},"87":{"start":{"line":227,"column":4},"end":{"line":227,"column":32}},"88":{"start":{"line":231,"column":27},"end":{"line":247,"column":1}},"89":{"start":{"line":233,"column":27},"end":{"line":233,"column":75}},"90":{"start":{"line":235,"column":4},"end":{"line":244,"column":5}},"91":{"start":{"line":236,"column":8},"end":{"line":243,"column":9}},"92":{"start":{"line":238,"column":12},"end":{"line":242,"column":15}},"93":{"start":{"line":246,"column":4},"end":{"line":246,"column":11}},"94":{"start":{"line":250,"column":22},"end":{"line":270,"column":1}},"95":{"start":{"line":251,"column":20},"end":{"line":262,"column":5}},"96":{"start":{"line":265,"column":19},"end":{"line":265,"column":54}},"97":{"start":{"line":266,"column":4},"end":{"line":266,"column":77}},"98":{"start":{"line":269,"column":4},"end":{"line":269,"column":52}},"99":{"start":{"line":272,"column":0},"end":{"line":282,"column":2}}},"fnMap":{"0":{"name":"(anonymous_0)","decl":{"start":{"line":9,"column":33},"end":{"line":9,"column":34}},"loc":{"start":{"line":9,"column":59},"end":{"line":41,"column":1}},"line":9},"1":{"name":"(anonymous_1)","decl":{"start":{"line":44,"column":29},"end":{"line":44,"column":30}},"loc":{"start":{"line":44,"column":55},"end":{"line":69,"column":1}},"line":44},"2":{"name":"(anonymous_2)","decl":{"start":{"line":72,"column":35},"end":{"line":72,"column":36}},"loc":{"start":{"line":72,"column":61},"end":{"line":147,"column":1}},"line":72},"3":{"name":"(anonymous_3)","decl":{"start":{"line":105,"column":57},"end":{"line":105,"column":58}},"loc":{"start":{"line":105,"column":62},"end":{"line":105,"column":86}},"line":105},"4":{"name":"(anonymous_4)","decl":{"start":{"line":150,"column":23},"end":{"line":150,"column":24}},"loc":{"start":{"line":150,"column":49},"end":{"line":166,"column":1}},"line":150},"5":{"name":"(anonymous_5)","decl":{"start":{"line":169,"column":30},"end":{"line":169,"column":31}},"loc":{"start":{"line":169,"column":56},"end":{"line":211,"column":1}},"line":169},"6":{"name":"(anonymous_6)","decl":{"start":{"line":214,"column":30},"end":{"line":214,"column":31}},"loc":{"start":{"line":214,"column":47},"end":{"line":222,"column":1}},"line":214},"7":{"name":"(anonymous_7)","decl":{"start":{"line":225,"column":25},"end":{"line":225,"column":26}},"loc":{"start":{"line":225,"column":42},"end":{"line":228,"column":1}},"line":225},"8":{"name":"(anonymous_8)","decl":{"start":{"line":231,"column":27},"end":{"line":231,"column":28}},"loc":{"start":{"line":231,"column":47},"end":{"line":247,"column":1}},"line":231},"9":{"name":"(anonymous_9)","decl":{"start":{"line":250,"column":22},"end":{"line":250,"column":23}},"loc":{"start":{"line":250,"column":52},"end":{"line":270,"column":1}},"line":250}},"branchMap":{"0":{"loc":{"start":{"line":12,"column":4},"end":{"line":18,"column":5}},"type":"if","locations":[{"start":{"line":12,"column":4},"end":{"line":18,"column":5}},{"start":{},"end":{}}],"line":12},"1":{"loc":{"start":{"line":23,"column":4},"end":{"line":36,"column":5}},"type":"if","locations":[{"start":{"line":23,"column":4},"end":{"line":36,"column":5}},{"start":{},"end":{}}],"line":23},"2":{"loc":{"start":{"line":27,"column":8},"end":{"line":35,"column":9}},"type":"if","locations":[{"start":{"line":27,"column":8},"end":{"line":35,"column":9}},{"start":{},"end":{}}],"line":27},"3":{"loc":{"start":{"line":47,"column":4},"end":{"line":49,"column":5}},"type":"if","locations":[{"start":{"line":47,"column":4},"end":{"line":49,"column":5}},{"start":{},"end":{}}],"line":47},"4":{"loc":{"start":{"line":56,"column":4},"end":{"line":63,"column":5}},"type":"if","locations":[{"start":{"line":56,"column":4},"end":{"line":63,"column":5}},{"start":{},"end":{}}],"line":56},"5":{"loc":{"start":{"line":56,"column":8},"end":{"line":56,"column":53}},"type":"binary-expr","locations":[{"start":{"line":56,"column":8},"end":{"line":56,"column":16}},{"start":{"line":56,"column":20},"end":{"line":56,"column":53}}],"line":56},"6":{"loc":{"start":{"line":67,"column":26},"end":{"line":67,"column":59}},"type":"cond-expr","locations":[{"start":{"line":67,"column":37},"end":{"line":67,"column":55}},{"start":{"line":67,"column":58},"end":{"line":67,"column":59}}],"line":67},"7":{"loc":{"start":{"line":75,"column":22},"end":{"line":75,"column":49}},"type":"binary-expr","locations":[{"start":{"line":75,"column":22},"end":{"line":75,"column":43}},{"start":{"line":75,"column":47},"end":{"line":75,"column":49}}],"line":75},"8":{"loc":{"start":{"line":81,"column":22},"end":{"line":85,"column":5}},"type":"cond-expr","locations":[{"start":{"line":81,"column":32},"end":{"line":81,"column":51}},{"start":{"line":81,"column":54},"end":{"line":85,"column":5}}],"line":81},"9":{"loc":{"start":{"line":88,"column":4},"end":{"line":90,"column":5}},"type":"if","locations":[{"start":{"line":88,"column":4},"end":{"line":90,"column":5}},{"start":{},"end":{}}],"line":88},"10":{"loc":{"start":{"line":98,"column":4},"end":{"line":101,"column":5}},"type":"if","locations":[{"start":{"line":98,"column":4},"end":{"line":101,"column":5}},{"start":{},"end":{}}],"line":98},"11":{"loc":{"start":{"line":109,"column":4},"end":{"line":116,"column":5}},"type":"if","locations":[{"start":{"line":109,"column":4},"end":{"line":116,"column":5}},{"start":{},"end":{}}],"line":109},"12":{"loc":{"start":{"line":119,"column":4},"end":{"line":126,"column":5}},"type":"if","locations":[{"start":{"line":119,"column":4},"end":{"line":126,"column":5}},{"start":{},"end":{}}],"line":119},"13":{"loc":{"start":{"line":129,"column":4},"end":{"line":136,"column":5}},"type":"if","locations":[{"start":{"line":129,"column":4},"end":{"line":136,"column":5}},{"start":{},"end":{}}],"line":129},"14":{"loc":{"start":{"line":154,"column":4},"end":{"line":163,"column":5}},"type":"if","locations":[{"start":{"line":154,"column":4},"end":{"line":163,"column":5}},{"start":{},"end":{}}],"line":154},"15":{"loc":{"start":{"line":159,"column":24},"end":{"line":159,"column":44}},"type":"cond-expr","locations":[{"start":{"line":159,"column":34},"end":{"line":159,"column":37}},{"start":{"line":159,"column":40},"end":{"line":159,"column":44}}],"line":159},"16":{"loc":{"start":{"line":172,"column":4},"end":{"line":174,"column":5}},"type":"if","locations":[{"start":{"line":172,"column":4},"end":{"line":174,"column":5}},{"start":{},"end":{}}],"line":172},"17":{"loc":{"start":{"line":178,"column":4},"end":{"line":184,"column":5}},"type":"if","locations":[{"start":{"line":178,"column":4},"end":{"line":184,"column":5}},{"start":{},"end":{}}],"line":178},"18":{"loc":{"start":{"line":193,"column":4},"end":{"line":199,"column":5}},"type":"if","locations":[{"start":{"line":193,"column":4},"end":{"line":199,"column":5}},{"start":{},"end":{}}],"line":193},"19":{"loc":{"start":{"line":202,"column":4},"end":{"line":208,"column":5}},"type":"if","locations":[{"start":{"line":202,"column":4},"end":{"line":208,"column":5}},{"start":{},"end":{}}],"line":202},"20":{"loc":{"start":{"line":202,"column":8},"end":{"line":202,"column":100}},"type":"binary-expr","locations":[{"start":{"line":202,"column":8},"end":{"line":202,"column":25}},{"start":{"line":202,"column":29},"end":{"line":202,"column":50}},{"start":{"line":202,"column":54},"end":{"line":202,"column":76}},{"start":{"line":202,"column":80},"end":{"line":202,"column":100}}],"line":202},"21":{"loc":{"start":{"line":217,"column":21},"end":{"line":217,"column":56}},"type":"cond-expr","locations":[{"start":{"line":217,"column":31},"end":{"line":217,"column":52}},{"start":{"line":217,"column":55},"end":{"line":217,"column":56}}],"line":217},"22":{"loc":{"start":{"line":236,"column":8},"end":{"line":243,"column":9}},"type":"if","locations":[{"start":{"line":236,"column":8},"end":{"line":243,"column":9}},{"start":{},"end":{}}],"line":236},"23":{"loc":{"start":{"line":236,"column":12},"end":{"line":236,"column":60}},"type":"binary-expr","locations":[{"start":{"line":236,"column":12},"end":{"line":236,"column":27}},{"start":{"line":236,"column":31},"end":{"line":236,"column":60}}],"line":236}},"s":{"0":1,"1":1,"2":0,"3":0,"4":0,"5":0,"6":0,"7":0,"8":0,"9":0,"10":0,"11":0,"12":0,"13":0,"14":0,"15":1,"16":0,"17":0,"18":0,"19":0,"20":0,"21":0,"22":0,"23":0,"24":0,"25":0,"26":0,"27":0,"28":1,"29":0,"30":0,"31":0,"32":0,"33":0,"34":0,"35":0,"36":0,"37":0,"38":0,"39":0,"40":0,"41":0,"42":0,"43":0,"44":0,"45":0,"46":0,"47":0,"48":0,"49":0,"50":0,"51":0,"52":0,"53":0,"54":0,"55":0,"56":0,"57":0,"58":0,"59":1,"60":0,"61":0,"62":0,"63":0,"64":0,"65":0,"66":1,"67":0,"68":0,"69":0,"70":0,"71":0,"72":0,"73":0,"74":0,"75":0,"76":0,"77":0,"78":0,"79":1,"80":0,"81":0,"82":0,"83":0,"84":0,"85":1,"86":0,"87":0,"88":1,"89":0,"90":0,"91":0,"92":0,"93":0,"94":1,"95":0,"96":0,"97":0,"98":0,"99":1},"f":{"0":0,"1":0,"2":0,"3":0,"4":0,"5":0,"6":0,"7":0,"8":0,"9":0},"b":{"0":[0,0],"1":[0,0],"2":[0,0],"3":[0,0],"4":[0,0],"5":[0,0],"6":[0,0],"7":[0,0],"8":[0,0],"9":[0,0],"10":[0,0],"11":[0,0],"12":[0,0],"13":[0,0],"14":[0,0],"15":[0,0],"16":[0,0],"17":[0,0],"18":[0,0],"19":[0,0],"20":[0,0,0,0],"21":[0,0],"22":[0,0],"23":[0,0]},"_coverageSchema":"1a1c01bbd47fc00a2c39e90264f33305004495a9","hash":"d234e72dcd357638f4b104f6c37159f2293941f2"}
,"C:\\Users\\acer\\Desktop\\AstraDbWala\\backend\\middlewares\\rateLimitMiddleware.js": {"path":"C:\\Users\\acer\\Desktop\\AstraDbWala\\backend\\middlewares\\rateLimitMiddleware.js","statementMap":{"0":{"start":{"line":1,"column":18},"end":{"line":1,"column":47}},"1":{"start":{"line":4,"column":26},"end":{"line":14,"column":2}},"2":{"start":{"line":17,"column":25},"end":{"line":27,"column":2}},"3":{"start":{"line":30,"column":20},"end":{"line":40,"column":2}},"4":{"start":{"line":43,"column":23},"end":{"line":53,"column":2}},"5":{"start":{"line":56,"column":21},"end":{"line":74,"column":2}},"6":{"start":{"line":69,"column":22},"end":{"line":69,"column":50}},"7":{"start":{"line":70,"column":8},"end":{"line":70,"column":36}},"8":{"start":{"line":77,"column":19},"end":{"line":95,"column":2}},"9":{"start":{"line":90,"column":22},"end":{"line":90,"column":50}},"10":{"start":{"line":91,"column":8},"end":{"line":91,"column":40}},"11":{"start":{"line":98,"column":25},"end":{"line":115,"column":2}},"12":{"start":{"line":110,"column":22},"end":{"line":110,"column":50}},"13":{"start":{"line":111,"column":8},"end":{"line":111,"column":47}},"14":{"start":{"line":118,"column":26},"end":{"line":132,"column":2}},"15":{"start":{"line":129,"column":27},"end":{"line":129,"column":50}},"16":{"start":{"line":135,"column":32},"end":{"line":147,"column":2}},"17":{"start":{"line":146,"column":27},"end":{"line":146,"column":56}},"18":{"start":{"line":149,"column":0},"end":{"line":159,"column":2}}},"fnMap":{"0":{"name":"(anonymous_0)","decl":{"start":{"line":67,"column":18},"end":{"line":67,"column":19}},"loc":{"start":{"line":67,"column":27},"end":{"line":71,"column":5}},"line":67},"1":{"name":"(anonymous_1)","decl":{"start":{"line":88,"column":18},"end":{"line":88,"column":19}},"loc":{"start":{"line":88,"column":27},"end":{"line":92,"column":5}},"line":88},"2":{"name":"(anonymous_2)","decl":{"start":{"line":109,"column":18},"end":{"line":109,"column":19}},"loc":{"start":{"line":109,"column":27},"end":{"line":112,"column":5}},"line":109},"3":{"name":"(anonymous_3)","decl":{"start":{"line":129,"column":18},"end":{"line":129,"column":19}},"loc":{"start":{"line":129,"column":27},"end":{"line":129,"column":50}},"line":129},"4":{"name":"(anonymous_4)","decl":{"start":{"line":146,"column":18},"end":{"line":146,"column":19}},"loc":{"start":{"line":146,"column":27},"end":{"line":146,"column":56}},"line":146}},"branchMap":{"0":{"loc":{"start":{"line":69,"column":22},"end":{"line":69,"column":50}},"type":"binary-expr","locations":[{"start":{"line":69,"column":22},"end":{"line":69,"column":37}},{"start":{"line":69,"column":41},"end":{"line":69,"column":50}}],"line":69},"1":{"loc":{"start":{"line":90,"column":22},"end":{"line":90,"column":50}},"type":"binary-expr","locations":[{"start":{"line":90,"column":22},"end":{"line":90,"column":37}},{"start":{"line":90,"column":41},"end":{"line":90,"column":50}}],"line":90},"2":{"loc":{"start":{"line":110,"column":22},"end":{"line":110,"column":50}},"type":"binary-expr","locations":[{"start":{"line":110,"column":22},"end":{"line":110,"column":37}},{"start":{"line":110,"column":41},"end":{"line":110,"column":50}}],"line":110}},"s":{"0":1,"1":1,"2":1,"3":1,"4":1,"5":1,"6":0,"7":0,"8":1,"9":0,"10":0,"11":1,"12":0,"13":0,"14":1,"15":0,"16":1,"17":0,"18":1},"f":{"0":0,"1":0,"2":0,"3":0,"4":0},"b":{"0":[0,0],"1":[0,0],"2":[0,0]},"_coverageSchema":"1a1c01bbd47fc00a2c39e90264f33305004495a9","hash":"c44817c42a25ce258a7ff7b17be4187f35d338a7"}
}
