TN:
SF:middlewares\emailAbuseProtection.js
FN:9,(anonymous_0)
FN:44,(anonymous_1)
FN:72,(anonymous_2)
FN:105,(anonymous_3)
FN:150,(anonymous_4)
FN:169,(anonymous_5)
FN:214,(anonymous_6)
FN:225,(anonymous_7)
FN:231,(anonymous_8)
FN:250,(anonymous_9)
FNF:10
FNH:0
FNDA:0,(anonymous_0)
FNDA:0,(anonymous_1)
FNDA:0,(anonymous_2)
FNDA:0,(anonymous_3)
FNDA:0,(anonymous_4)
FNDA:0,(anonymous_5)
FNDA:0,(anonymous_6)
FNDA:0,(anonymous_7)
FNDA:0,(anonymous_8)
FNDA:0,(anonymous_9)
DA:1,1
DA:9,1
DA:10,0
DA:12,0
DA:13,0
DA:20,0
DA:21,0
DA:23,0
DA:24,0
DA:25,0
DA:27,0
DA:28,0
DA:29,0
DA:39,0
DA:40,0
DA:44,1
DA:45,0
DA:47,0
DA:48,0
DA:51,0
DA:52,0
DA:53,0
DA:54,0
DA:56,0
DA:57,0
DA:66,0
DA:67,0
DA:68,0
DA:72,1
DA:73,0
DA:74,0
DA:75,0
DA:78,0
DA:79,0
DA:81,0
DA:88,0
DA:89,0
DA:93,0
DA:94,0
DA:95,0
DA:98,0
DA:99,0
DA:100,0
DA:104,0
DA:105,0
DA:106,0
DA:109,0
DA:110,0
DA:111,0
DA:119,0
DA:120,0
DA:121,0
DA:129,0
DA:130,0
DA:131,0
DA:139,0
DA:144,0
DA:146,0
DA:150,1
DA:151,0
DA:152,0
DA:154,0
DA:155,0
DA:156,0
DA:165,0
DA:169,1
DA:170,0
DA:172,0
DA:173,0
DA:176,0
DA:178,0
DA:179,0
DA:187,0
DA:193,0
DA:194,0
DA:202,0
DA:203,0
DA:210,0
DA:214,1
DA:215,0
DA:216,0
DA:217,0
DA:219,0
DA:221,0
DA:225,1
DA:226,0
DA:227,0
DA:231,1
DA:233,0
DA:235,0
DA:236,0
DA:238,0
DA:246,0
DA:250,1
DA:251,0
DA:265,0
DA:266,0
DA:269,0
DA:272,1
LF:99
LH:11
BRDA:12,0,0,0
BRDA:12,0,1,0
BRDA:23,1,0,0
BRDA:23,1,1,0
BRDA:27,2,0,0
BRDA:27,2,1,0
BRDA:47,3,0,0
BRDA:47,3,1,0
BRDA:56,4,0,0
BRDA:56,4,1,0
BRDA:56,5,0,0
BRDA:56,5,1,0
BRDA:67,6,0,0
BRDA:67,6,1,0
BRDA:75,7,0,0
BRDA:75,7,1,0
BRDA:81,8,0,0
BRDA:81,8,1,0
BRDA:88,9,0,0
BRDA:88,9,1,0
BRDA:98,10,0,0
BRDA:98,10,1,0
BRDA:109,11,0,0
BRDA:109,11,1,0
BRDA:119,12,0,0
BRDA:119,12,1,0
BRDA:129,13,0,0
BRDA:129,13,1,0
BRDA:154,14,0,0
BRDA:154,14,1,0
BRDA:159,15,0,0
BRDA:159,15,1,0
BRDA:172,16,0,0
BRDA:172,16,1,0
BRDA:178,17,0,0
BRDA:178,17,1,0
BRDA:193,18,0,0
BRDA:193,18,1,0
BRDA:202,19,0,0
BRDA:202,19,1,0
BRDA:202,20,0,0
BRDA:202,20,1,0
BRDA:202,20,2,0
BRDA:202,20,3,0
BRDA:217,21,0,0
BRDA:217,21,1,0
BRDA:236,22,0,0
BRDA:236,22,1,0
BRDA:236,23,0,0
BRDA:236,23,1,0
BRF:50
BRH:0
end_of_record
TN:
SF:middlewares\rateLimitMiddleware.js
FN:67,(anonymous_0)
FN:88,(anonymous_1)
FN:109,(anonymous_2)
FN:129,(anonymous_3)
FN:146,(anonymous_4)
FNF:5
FNH:0
FNDA:0,(anonymous_0)
FNDA:0,(anonymous_1)
FNDA:0,(anonymous_2)
FNDA:0,(anonymous_3)
FNDA:0,(anonymous_4)
DA:1,1
DA:4,1
DA:17,1
DA:30,1
DA:43,1
DA:56,1
DA:69,0
DA:70,0
DA:77,1
DA:90,0
DA:91,0
DA:98,1
DA:110,0
DA:111,0
DA:118,1
DA:129,0
DA:135,1
DA:146,0
DA:149,1
LF:19
LH:11
BRDA:69,0,0,0
BRDA:69,0,1,0
BRDA:90,1,0,0
BRDA:90,1,1,0
BRDA:110,2,0,0
BRDA:110,2,1,0
BRF:6
BRH:0
end_of_record
